# JRE version: Java(TM) SE Runtime Environment (8.0_181-b13) (build 1.8.0_181-b13)
# Java VM: Java HotSpot(TM) 64-Bit Server VM (25.181-b13 mixed mode windows-amd64 compressed oops)
Heap:
 PSYoungGen      total 47104K, used 18532K [0x000000076b400000, 0x000000077ef80000, 0x00000007c0000000)
  eden space 46080K, 38% used [0x000000076b400000,0x000000076c53d240,0x000000076e100000)
  from space 1024K, 85% used [0x000000077ed00000,0x000000077eddc010,0x000000077ee00000)
  to   space 1536K, 0% used [0x000000077ee00000,0x000000077ee00000,0x000000077ef80000)
 ParOldGen       total 202752K, used 41789K [0x00000006c1c00000, 0x00000006ce200000, 0x000000076b400000)
  object space 202752K, 20% used [0x00000006c1c00000,0x00000006c44cf510,0x00000006ce200000)
 Metaspace       used 57002K, capacity 60089K, committed 60288K, reserved 1101824K
  class space    used 7996K, capacity 8533K, committed 8576K, reserved 1048576K
GC Heap History (10 events):
Event: 121237.980 GC heap before
{Heap before GC invocations=312 (full 3):
 PSYoungGen      total 47104K, used 46784K [0x000000076b400000, 0x000000077f200000, 0x00000007c0000000)
  eden space 46080K, 100% used [0x000000076b400000,0x000000076e100000,0x000000076e100000)
  from space 1024K, 68% used [0x000000077f100000,0x000000077f1b0000,0x000000077f200000)
  to   space 1536K, 0% used [0x000000077ef00000,0x000000077ef00000,0x000000077f080000)
 ParOldGen       total 202752K, used 41757K [0x00000006c1c00000, 0x00000006ce200000, 0x000000076b400000)
  object space 202752K, 20% used [0x00000006c1c00000,0x00000006c44c7510,0x00000006ce200000)
 Metaspace       used 57002K, capacity 60089K, committed 60288K, reserved 1101824K
  class space    used 7996K, capacity 8533K, committed 8576K, reserved 1048576K
Event: 121237.984 GC heap after
Heap after GC invocations=312 (full 3):
 PSYoungGen      total 47104K, used 848K [0x000000076b400000, 0x000000077f180000, 0x00000007c0000000)
  eden space 46080K, 0% used [0x000000076b400000,0x000000076b400000,0x000000076e100000)
  from space 1024K, 82% used [0x000000077ef00000,0x000000077efd4010,0x000000077f000000)
  to   space 1536K, 0% used [0x000000077f000000,0x000000077f000000,0x000000077f180000)
 ParOldGen       total 202752K, used 41757K [0x00000006c1c00000, 0x00000006ce200000, 0x000000076b400000)
  object space 202752K, 20% used [0x00000006c1c00000,0x00000006c44c7510,0x00000006ce200000)
 Metaspace       used 57002K, capacity 60089K, committed 60288K, reserved 1101824K
  class space    used 7996K, capacity 8533K, committed 8576K, reserved 1048576K
}
Event: 121348.773 GC heap before
{Heap before GC invocations=313 (full 3):
 PSYoungGen      total 47104K, used 46928K [0x000000076b400000, 0x000000077f180000, 0x00000007c0000000)
  eden space 46080K, 100% used [0x000000076b400000,0x000000076e100000,0x000000076e100000)
  from space 1024K, 82% used [0x000000077ef00000,0x000000077efd4010,0x000000077f000000)
  to   space 1536K, 0% used [0x000000077f000000,0x000000077f000000,0x000000077f180000)
 ParOldGen       total 202752K, used 41757K [0x00000006c1c00000, 0x00000006ce200000, 0x000000076b400000)
  object space 202752K, 20% used [0x00000006c1c00000,0x00000006c44c7510,0x00000006ce200000)
 Metaspace       used 57002K, capacity 60089K, committed 60288K, reserved 1101824K
  class space    used 7996K, capacity 8533K, committed 8576K, reserved 1048576K
Event: 121348.779 GC heap after
Heap after GC invocations=313 (full 3):
 PSYoungGen      total 47104K, used 688K [0x000000076b400000, 0x000000077f100000, 0x00000007c0000000)
  eden space 46080K, 0% used [0x000000076b400000,0x000000076b400000,0x000000076e100000)
  from space 1024K, 67% used [0x000000077f000000,0x000000077f0ac010,0x000000077f100000)
  to   space 1536K, 0% used [0x000000077ee00000,0x000000077ee00000,0x000000077ef80000)
 ParOldGen       total 202752K, used 41765K [0x00000006c1c00000, 0x00000006ce200000, 0x000000076b400000)
  object space 202752K, 20% used [0x00000006c1c00000,0x00000006c44c9510,0x00000006ce200000)
 Metaspace       used 57002K, capacity 60089K, committed 60288K, reserved 1101824K
  class space    used 7996K, capacity 8533K, committed 8576K, reserved 1048576K
}
Event: 121462.965 GC heap before
{Heap before GC invocations=314 (full 3):
 PSYoungGen      total 47104K, used 46768K [0x000000076b400000, 0x000000077f100000, 0x00000007c0000000)
  eden space 46080K, 100% used [0x000000076b400000,0x000000076e100000,0x000000076e100000)
  from space 1024K, 67% used [0x000000077f000000,0x000000077f0ac010,0x000000077f100000)
  to   space 1536K, 0% used [0x000000077ee00000,0x000000077ee00000,0x000000077ef80000)
 ParOldGen       total 202752K, used 41765K [0x00000006c1c00000, 0x00000006ce200000, 0x000000076b400000)
  object space 202752K, 20% used [0x00000006c1c00000,0x00000006c44c9510,0x00000006ce200000)
 Metaspace       used 57002K, capacity 60089K, committed 60288K, reserved 1101824K
  class space    used 7996K, capacity 8533K, committed 8576K, reserved 1048576K
Event: 121462.968 GC heap after
Heap after GC invocations=314 (full 3):
 PSYoungGen      total 47104K, used 768K [0x000000076b400000, 0x000000077f080000, 0x00000007c0000000)
  eden space 46080K, 0% used [0x000000076b400000,0x000000076b400000,0x000000076e100000)
  from space 1024K, 75% used [0x000000077ee00000,0x000000077eec0000,0x000000077ef00000)
  to   space 1536K, 0% used [0x000000077ef00000,0x000000077ef00000,0x000000077f080000)
 ParOldGen       total 202752K, used 41773K [0x00000006c1c00000, 0x00000006ce200000, 0x000000076b400000)
  object space 202752K, 20% used [0x00000006c1c00000,0x00000006c44cb510,0x00000006ce200000)
 Metaspace       used 57002K, capacity 60089K, committed 60288K, reserved 1101824K
  class space    used 7996K, capacity 8533K, committed 8576K, reserved 1048576K
}
Event: 121574.881 GC heap before
{Heap before GC invocations=315 (full 3):
 PSYoungGen      total 47104K, used 46848K [0x000000076b400000, 0x000000077f080000, 0x00000007c0000000)
  eden space 46080K, 100% used [0x000000076b400000,0x000000076e100000,0x000000076e100000)
  from space 1024K, 75% used [0x000000077ee00000,0x000000077eec0000,0x000000077ef00000)
  to   space 1536K, 0% used [0x000000077ef00000,0x000000077ef00000,0x000000077f080000)
 ParOldGen       total 202752K, used 41773K [0x00000006c1c00000, 0x00000006ce200000, 0x000000076b400000)
  object space 202752K, 20% used [0x00000006c1c00000,0x00000006c44cb510,0x00000006ce200000)
 Metaspace       used 57002K, capacity 60089K, committed 60288K, reserved 1101824K
  class space    used 7996K, capacity 8533K, committed 8576K, reserved 1048576K
Event: 121574.886 GC heap after
Heap after GC invocations=315 (full 3):
 PSYoungGen      total 47104K, used 656K [0x000000076b400000, 0x000000077f000000, 0x00000007c0000000)
  eden space 46080K, 0% used [0x000000076b400000,0x000000076b400000,0x000000076e100000)
  from space 1024K, 64% used [0x000000077ef00000,0x000000077efa4010,0x000000077f000000)
  to   space 1536K, 0% used [0x000000077ed00000,0x000000077ed00000,0x000000077ee80000)
 ParOldGen       total 202752K, used 41789K [0x00000006c1c00000, 0x00000006ce200000, 0x000000076b400000)
  object space 202752K, 20% used [0x00000006c1c00000,0x00000006c44cf510,0x00000006ce200000)
 Metaspace       used 57002K, capacity 60089K, committed 60288K, reserved 1101824K
  class space    used 7996K, capacity 8533K, committed 8576K, reserved 1048576K
}
Event: 121688.005 GC heap before
{Heap before GC invocations=316 (full 3):
 PSYoungGen      total 47104K, used 46736K [0x000000076b400000, 0x000000077f000000, 0x00000007c0000000)
  eden space 46080K, 100% used [0x000000076b400000,0x000000076e100000,0x000000076e100000)
  from space 1024K, 64% used [0x000000077ef00000,0x000000077efa4010,0x000000077f000000)
  to   space 1536K, 0% used [0x000000077ed00000,0x000000077ed00000,0x000000077ee80000)
 ParOldGen       total 202752K, used 41789K [0x00000006c1c00000, 0x00000006ce200000, 0x000000076b400000)
  object space 202752K, 20% used [0x00000006c1c00000,0x00000006c44cf510,0x00000006ce200000)
 Metaspace       used 57002K, capacity 60089K, committed 60288K, reserved 1101824K
  class space    used 7996K, capacity 8533K, committed 8576K, reserved 1048576K
Event: 121688.010 GC heap after
Heap after GC invocations=316 (full 3):
 PSYoungGen      total 47104K, used 880K [0x000000076b400000, 0x000000077ef80000, 0x00000007c0000000)
  eden space 46080K, 0% used [0x000000076b400000,0x000000076b400000,0x000000076e100000)
  from space 1024K, 85% used [0x000000077ed00000,0x000000077eddc010,0x000000077ee00000)
  to   space 1536K, 0% used [0x000000077ee00000,0x000000077ee00000,0x000000077ef80000)
 ParOldGen       total 202752K, used 41789K [0x00000006c1c00000, 0x00000006ce200000, 0x000000076b400000)
  object space 202752K, 20% used [0x00000006c1c00000,0x00000006c44cf510,0x00000006ce200000)
 Metaspace       used 57002K, capacity 60089K, committed 60288K, reserved 1101824K
  class space    used 7996K, capacity 8533K, committed 8576K, reserved 1048576K
}

